This is pdfTeX, Version 3.14159265-2.6-1.40.16 (MiKTeX 2.9) (preloaded format=pdflatex 2015.12.20)  9 APR 2016 17:11
entering extended mode
**./ising_model.tex
(ising_model.tex
LaTeX2e <2015/10/01> patch level 2
Babel <3.9m> and hyphenation patterns for 69 languages loaded.
("D:\Users\Matteo\AppData\Local\Programs\MiKTeX 2.9\tex\latex\base\article.cls"
Document Class: article 2014/09/29 v1.4h Standard LaTeX document class
("D:\Users\Matteo\AppData\Local\Programs\MiKTeX 2.9\tex\latex\base\size10.clo"
File: size10.clo 2014/09/29 v1.4h Standard LaTeX file (size option)
)
\c@part=\count79
\c@section=\count80
\c@subsection=\count81
\c@subsubsection=\count82
\c@paragraph=\count83
\c@subparagraph=\count84
\c@figure=\count85
\c@table=\count86
\abovecaptionskip=\skip41
\belowcaptionskip=\skip42
\bibindent=\dimen102
)
("D:\Users\Matteo\AppData\Local\Programs\MiKTeX 2.9\tex\latex\lipsum\lipsum.sty
"
Package: lipsum 2014/07/27 v1.3 150 paragraphs of Lorem Ipsum dummy text
\c@lips@count=\count87
) ("D:\Users\Matteo\AppData\Local\Programs\MiKTeX 2.9\tex\latex\tools\bm.sty"
Package: bm 2014/10/28 v1.1c Bold Symbol Support (DPC/FMi)
\symboldoperators=\mathgroup4
\symboldletters=\mathgroup5
\symboldsymbols=\mathgroup6
LaTeX Font Info:    Redeclaring math alphabet \mathbf on input line 141.
LaTeX Info: Redefining \bm on input line 207.
)
("D:\Users\Matteo\AppData\Local\Programs\MiKTeX 2.9\tex\latex\tools\tabularx.st
y"
Package: tabularx 2014/10/28 v2.10 `tabularx' package (DPC)
 ("D:\Users\Matteo\AppData\Local\Programs\MiKTeX 2.9\tex\latex\tools\array.sty"
Package: array 2014/10/28 v2.4c Tabular extension package (FMi)
\col@sep=\dimen103
\extrarowheight=\dimen104
\NC@list=\toks14
\extratabsurround=\skip43
\backup@length=\skip44
)
\TX@col@width=\dimen105
\TX@old@table=\dimen106
\TX@old@col=\dimen107
\TX@target=\dimen108
\TX@delta=\dimen109
\TX@cols=\count88
\TX@ftn=\toks15
)
("D:\Users\Matteo\AppData\Local\Programs\MiKTeX 2.9\tex\latex\etoolbox\etoolbox
.sty"
Package: etoolbox 2015/08/02 v2.2a e-TeX tools for LaTeX (JAW)
\etb@tempcnta=\count89
)
("D:\Users\Matteo\AppData\Local\Programs\MiKTeX 2.9\tex\latex\psnfss\mathpazo.s
ty"
Package: mathpazo 2005/04/12 PSNFSS-v9.2a Palatino w/ Pazo Math (D.Puga, WaS) 
\symupright=\mathgroup7
)
("D:\Users\Matteo\AppData\Local\Programs\MiKTeX 2.9\tex\latex\base\fontenc.sty"
Package: fontenc 2005/09/27 v1.99g Standard LaTeX package
("D:\Users\Matteo\AppData\Local\Programs\MiKTeX 2.9\tex\latex\base\t1enc.def"
File: t1enc.def 2005/09/27 v1.99g Standard LaTeX file
LaTeX Font Info:    Redeclaring font encoding T1 on input line 48.
))
("D:\Users\Matteo\AppData\Local\Programs\MiKTeX 2.9\tex\latex\microtype\microty
pe.sty"
Package: microtype 2013/05/23 v2.5a Micro-typographical refinements (RS)

("D:\Users\Matteo\AppData\Local\Programs\MiKTeX 2.9\tex\latex\graphics\keyval.s
ty"
Package: keyval 2014/10/28 v1.15 key=value parser (DPC)
\KV@toks@=\toks16
)
\MT@toks=\toks17
\MT@count=\count90
LaTeX Info: Redefining \textls on input line 766.
\MT@outer@kern=\dimen110
LaTeX Info: Redefining \textmicrotypecontext on input line 1285.
\MT@listname@count=\count91

("D:\Users\Matteo\AppData\Local\Programs\MiKTeX 2.9\tex\latex\microtype\microty
pe-pdftex.def"
File: microtype-pdftex.def 2013/05/23 v2.5a Definitions specific to pdftex (RS)

LaTeX Info: Redefining \lsstyle on input line 915.
LaTeX Info: Redefining \lslig on input line 915.
\MT@outer@space=\skip45
)
Package microtype Info: Loading configuration file microtype.cfg.

("D:\Users\Matteo\AppData\Local\Programs\MiKTeX 2.9\tex\latex\microtype\microty
pe.cfg"
File: microtype.cfg 2013/05/23 v2.5a microtype main configuration file (RS)
))
("D:\Users\Matteo\AppData\Local\Programs\MiKTeX 2.9\tex\latex\floatrow\floatrow
.sty"
Package: floatrow 2008/08/02 v0.3b floatrow: float package extension

("D:\Users\Matteo\AppData\Local\Programs\MiKTeX 2.9\tex\latex\caption\caption3.
sty"
Package: caption3 2016/02/02 v1.7-136 caption3 kernel (AR)
Package caption3 Info: TeX engine: e-TeX on input line 57.
\captionmargin=\dimen111
\captionmargin@=\dimen112
\captionwidth=\dimen113
\caption@tempdima=\dimen114
\caption@indent=\dimen115
\caption@parindent=\dimen116
\caption@hangindent=\dimen117
)
\c@float@type=\count92
\float@exts=\toks18
\float@box=\box26
\@floatcapt=\box27
Package floatrow Info: Modified float package code loaded on input line 455.
Package floatrow Info: Modified rotfloat package code loaded on input line 473.

\FR@everyfloat=\toks19
\flrow@foot=\insert199
\FB@wd=\dimen118
\FBo@wd=\dimen119
\FBc@wd=\dimen120
\FBo@ht=\skip46
\FBc@ht=\skip47
\FBf@ht=\skip48
\FBo@max=\skip49
\FBc@max=\skip50
\FBf@max=\skip51
\c@FBl@b=\count93
\floatbox@depth=\count94
\c@FRobj=\count95
\c@FRsobj=\count96
\Xhsize=\skip52
\sXhsize=\skip53
\Zhsize=\skip54
\sZhsize=\skip55
\flrow@rowbox=\box28
\FR@Zunitlength=\dimen121
\c@FBcnt=\count97
\FPOScnt=\count98
\LTleft=\skip56
\LTright=\skip57
\LTleft=\skip58
\LTright=\skip59
\flrow@types=\toks20
)
("D:\Users\Matteo\AppData\Local\Programs\MiKTeX 2.9\tex\latex\verbatimbox\verba
timbox.sty"
Package: verbatimbox 2014/03/12 v3.13 Routines for placing verbatim text into b
oxes, useful in places where the verbatim environment is inaccessible. Secondar
ily, for adding vertical buffer around an object.

("D:\Users\Matteo\AppData\Local\Programs\MiKTeX 2.9\tex\latex\tools\verbatim.st
y"
Package: verbatim 2014/10/28 v1.5q LaTeX2e package for verbatim enhancements
\every@verbatim=\toks21
\verbatim@line=\toks22
\verbatim@in@stream=\read1
)
("D:\Users\Matteo\AppData\Local\Programs\MiKTeX 2.9\tex\latex\readarray\readarr
ay.sty"
Package: readarray 2013/05/09 v1.2 Routines for inputting array data and recall
ing it on an element-by-element basis. Currently supports 2-D and 3-D array

("D:\Users\Matteo\AppData\Local\Programs\MiKTeX 2.9\tex\latex\base\ifthen.sty"
Package: ifthen 2014/09/29 v1.1c Standard LaTeX ifthen package (DPC)
)
("D:\Users\Matteo\AppData\Local\Programs\MiKTeX 2.9\tex\latex\ifnextok\ifnextok
.sty"
Package: ifnextok 2011/06/27 v0.3 test next token (UL)
)
\c@@index=\count99
\c@@plane=\count100
\c@@row=\count101
\c@@col=\count102
\c@use@args=\count103
\c@@record=\count104
\c@arg@index=\count105
\c@break@count=\count106
)
\savedverbbox=\box29
\c@VerbboxLineNo=\count107
\boxtopsep=\dimen122
\boxbottomsep=\dimen123
\ps@tempdima=\dimen124
\ps@tempboxa=\box30
\boxtop@sep=\skip60
\boxbottom@sep=\skip61
)
("D:\Users\Matteo\AppData\Local\Programs\MiKTeX 2.9\tex\latex\geometry\geometry
.sty"
Package: geometry 2010/09/12 v5.6 Page Geometry

("D:\Users\Matteo\AppData\Local\Programs\MiKTeX 2.9\tex\generic\oberdiek\ifpdf.
sty"
Package: ifpdf 2011/01/30 v2.3 Provides the ifpdf switch (HO)
Package ifpdf Info: pdfTeX in PDF mode is detected.
)
("D:\Users\Matteo\AppData\Local\Programs\MiKTeX 2.9\tex\generic\oberdiek\ifvtex
.sty"
Package: ifvtex 2010/03/01 v1.5 Detect VTeX and its facilities (HO)
Package ifvtex Info: VTeX not detected.
)
("D:\Users\Matteo\AppData\Local\Programs\MiKTeX 2.9\tex\generic\ifxetex\ifxetex
.sty"
Package: ifxetex 2010/09/12 v0.6 Provides ifxetex conditional
)
\Gm@cnth=\count108
\Gm@cntv=\count109
\c@Gm@tempcnt=\count110
\Gm@bindingoffset=\dimen125
\Gm@wd@mp=\dimen126
\Gm@odd@mp=\dimen127
\Gm@even@mp=\dimen128
\Gm@layoutwidth=\dimen129
\Gm@layoutheight=\dimen130
\Gm@layouthoffset=\dimen131
\Gm@layoutvoffset=\dimen132
\Gm@dimlist=\toks23

("D:\Users\Matteo\AppData\Local\Programs\MiKTeX 2.9\tex\latex\geometry\geometry
.cfg"))
("D:\Users\Matteo\AppData\Local\Programs\MiKTeX 2.9\tex\latex\tools\multicol.st
y"
Package: multicol 2015/08/19 v1.8n multicolumn formatting (FMi)
\c@tracingmulticols=\count111
\mult@box=\box31
\multicol@leftmargin=\dimen133
\c@unbalance=\count112
\c@collectmore=\count113
\doublecol@number=\count114
\multicoltolerance=\count115
\multicolpretolerance=\count116
\full@width=\dimen134
\page@free=\dimen135
\premulticols=\dimen136
\postmulticols=\dimen137
\multicolsep=\skip62
\multicolbaselineskip=\skip63
\partial@page=\box32
\last@line=\box33
\maxbalancingoverflow=\dimen138
\mult@rightbox=\box34
\mult@grightbox=\box35
\mult@gfirstbox=\box36
\mult@firstbox=\box37
\@tempa=\box38
\@tempa=\box39
\@tempa=\box40
\@tempa=\box41
\@tempa=\box42
\@tempa=\box43
\@tempa=\box44
\@tempa=\box45
\@tempa=\box46
\@tempa=\box47
\@tempa=\box48
\@tempa=\box49
\@tempa=\box50
\@tempa=\box51
\@tempa=\box52
\@tempa=\box53
\@tempa=\box54
\c@columnbadness=\count117
\c@finalcolumnbadness=\count118
\last@try=\dimen139
\multicolovershoot=\dimen140
\multicolundershoot=\dimen141
\mult@nat@firstbox=\box55
\colbreak@box=\box56
\mc@col@check@num=\count119
)
("D:\Users\Matteo\AppData\Local\Programs\MiKTeX 2.9\tex\latex\caption\caption.s
ty"
Package: caption 2016/02/02 v3.3-136 Customizing captions (AR)
\c@ContinuedFloat=\count120
Package caption Info: float package is loaded.
Package caption Info: floatrow package is loaded.
)
("D:\Users\Matteo\AppData\Local\Programs\MiKTeX 2.9\tex\latex\booktabs\booktabs
.sty"
Package: booktabs 2005/04/14 v1.61803 publication quality tables
\heavyrulewidth=\dimen142
\lightrulewidth=\dimen143
\cmidrulewidth=\dimen144
\belowrulesep=\dimen145
\belowbottomsep=\dimen146
\aboverulesep=\dimen147
\abovetopsep=\dimen148
\cmidrulesep=\dimen149
\cmidrulekern=\dimen150
\defaultaddspace=\dimen151
\@cmidla=\count121
\@cmidlb=\count122
\@aboverulesep=\dimen152
\@belowrulesep=\dimen153
\@thisruleclass=\count123
\@lastruleclass=\count124
\@thisrulewidth=\dimen154
)
("D:\Users\Matteo\AppData\Local\Programs\MiKTeX 2.9\tex\latex\hyperref\hyperref
.sty"
Package: hyperref 2012/11/06 v6.83m Hypertext links for LaTeX

("D:\Users\Matteo\AppData\Local\Programs\MiKTeX 2.9\tex\generic\oberdiek\hobsub
-hyperref.sty"
Package: hobsub-hyperref 2012/04/25 v1.12 Bundle oberdiek, subset hyperref (HO)


("D:\Users\Matteo\AppData\Local\Programs\MiKTeX 2.9\tex\generic\oberdiek\hobsub
-generic.sty"
Package: hobsub-generic 2012/04/25 v1.12 Bundle oberdiek, subset generic (HO)
Package: hobsub 2012/04/25 v1.12 Construct package bundles (HO)
Package: infwarerr 2010/04/08 v1.3 Providing info/warning/error messages (HO)
Package: ltxcmds 2011/11/09 v1.22 LaTeX kernel commands for general use (HO)
Package: ifluatex 2010/03/01 v1.3 Provides the ifluatex switch (HO)
Package ifluatex Info: LuaTeX not detected.
Package hobsub Info: Skipping package `ifvtex' (already loaded).
Package: intcalc 2007/09/27 v1.1 Expandable calculations with integers (HO)
Package hobsub Info: Skipping package `ifpdf' (already loaded).
Package: etexcmds 2011/02/16 v1.5 Avoid name clashes with e-TeX commands (HO)
Package etexcmds Info: Could not find \expanded.
(etexcmds)             That can mean that you are not using pdfTeX 1.50 or
(etexcmds)             that some package has redefined \expanded.
(etexcmds)             In the latter case, load this package earlier.
Package: kvsetkeys 2012/04/25 v1.16 Key value parser (HO)
Package: kvdefinekeys 2011/04/07 v1.3 Define keys (HO)
Package: pdftexcmds 2011/11/29 v0.20 Utility functions of pdfTeX for LuaTeX (HO
)
Package pdftexcmds Info: LuaTeX not detected.
Package pdftexcmds Info: \pdf@primitive is available.
Package pdftexcmds Info: \pdf@ifprimitive is available.
Package pdftexcmds Info: \pdfdraftmode found.
Package: pdfescape 2011/11/25 v1.13 Implements pdfTeX's escape features (HO)
Package: bigintcalc 2012/04/08 v1.3 Expandable calculations on big integers (HO
)
Package: bitset 2011/01/30 v1.1 Handle bit-vector datatype (HO)
Package: uniquecounter 2011/01/30 v1.2 Provide unlimited unique counter (HO)
)
Package hobsub Info: Skipping package `hobsub' (already loaded).
Package: letltxmacro 2010/09/02 v1.4 Let assignment for LaTeX macros (HO)
Package: hopatch 2011/06/24 v1.1 Wrapper for package hooks (HO)
Package: xcolor-patch 2011/01/30 xcolor patch
Package: atveryend 2011/06/30 v1.8 Hooks at the very end of document (HO)
Package: atbegshi 2011/10/05 v1.16 At begin shipout hook (HO)
Package: refcount 2011/10/16 v3.4 Data extraction from label references (HO)
Package: hycolor 2011/01/30 v1.7 Color options for hyperref/bookmark (HO)
)
("D:\Users\Matteo\AppData\Local\Programs\MiKTeX 2.9\tex\latex\oberdiek\auxhook.
sty"
Package: auxhook 2011/03/04 v1.3 Hooks for auxiliary files (HO)
)
("D:\Users\Matteo\AppData\Local\Programs\MiKTeX 2.9\tex\latex\oberdiek\kvoption
s.sty"
Package: kvoptions 2011/06/30 v3.11 Key value format for package options (HO)
)
\@linkdim=\dimen155
\Hy@linkcounter=\count125
\Hy@pagecounter=\count126

("D:\Users\Matteo\AppData\Local\Programs\MiKTeX 2.9\tex\latex\hyperref\pd1enc.d
ef"
File: pd1enc.def 2012/11/06 v6.83m Hyperref: PDFDocEncoding definition (HO)
)
\Hy@SavedSpaceFactor=\count127

("D:\Users\Matteo\AppData\Local\Programs\MiKTeX 2.9\tex\latex\00miktex\hyperref
.cfg"
File: hyperref.cfg 2002/06/06 v1.2 hyperref configuration of TeXLive
)
Package hyperref Info: Hyper figures OFF on input line 4443.
Package hyperref Info: Link nesting OFF on input line 4448.
Package hyperref Info: Hyper index ON on input line 4451.
Package hyperref Info: Plain pages OFF on input line 4458.
Package hyperref Info: Backreferencing OFF on input line 4463.
Package hyperref Info: Implicit mode ON; LaTeX internals redefined.
Package hyperref Info: Bookmarks ON on input line 4688.
\c@Hy@tempcnt=\count128
 ("D:\Users\Matteo\AppData\Local\Programs\MiKTeX 2.9\tex\latex\url\url.sty"
\Urlmuskip=\muskip10
Package: url 2013/09/16  ver 3.4  Verb mode for urls, etc.
)
LaTeX Info: Redefining \url on input line 5041.
\XeTeXLinkMargin=\dimen156
\Fld@menulength=\count129
\Field@Width=\dimen157
\Fld@charsize=\dimen158
Package hyperref Info: Hyper figures OFF on input line 6295.
Package hyperref Info: Link nesting OFF on input line 6300.
Package hyperref Info: Hyper index ON on input line 6303.
Package hyperref Info: backreferencing OFF on input line 6310.
Package hyperref Info: Link coloring OFF on input line 6315.
Package hyperref Info: Link coloring with OCG OFF on input line 6320.
Package hyperref Info: PDF/A mode OFF on input line 6325.
LaTeX Info: Redefining \ref on input line 6365.
LaTeX Info: Redefining \pageref on input line 6369.
\Hy@abspage=\count130
\c@Item=\count131
\c@Hfootnote=\count132
)

Package hyperref Message: Driver (autodetected): hpdftex.


("D:\Users\Matteo\AppData\Local\Programs\MiKTeX 2.9\tex\latex\hyperref\hpdftex.
def"
File: hpdftex.def 2012/11/06 v6.83m Hyperref driver for pdfTeX
\Fld@listcount=\count133
\c@bookmark@seq@number=\count134

("D:\Users\Matteo\AppData\Local\Programs\MiKTeX 2.9\tex\latex\oberdiek\rerunfil
echeck.sty"
Package: rerunfilecheck 2011/04/15 v1.7 Rerun checks for auxiliary files (HO)
Package uniquecounter Info: New unique counter `rerunfilecheck' on input line 2
82.
)
\Hy@SectionHShift=\skip64
)
("D:\Users\Matteo\AppData\Local\Programs\MiKTeX 2.9\tex\latex\amsmath\amsmath.s
ty"
Package: amsmath 2013/01/14 v2.14 AMS math features
\@mathmargin=\skip65

For additional information on amsmath, use the `?' option.

("D:\Users\Matteo\AppData\Local\Programs\MiKTeX 2.9\tex\latex\amsmath\amstext.s
ty"
Package: amstext 2000/06/29 v2.01

("D:\Users\Matteo\AppData\Local\Programs\MiKTeX 2.9\tex\latex\amsmath\amsgen.st
y"
File: amsgen.sty 1999/11/30 v2.0
\@emptytoks=\toks24
\ex@=\dimen159
))
("D:\Users\Matteo\AppData\Local\Programs\MiKTeX 2.9\tex\latex\amsmath\amsbsy.st
y"
Package: amsbsy 1999/11/29 v1.2d
LaTeX Info: Redefining \boldsymbol on input line 39.
\pmbraise@=\dimen160
)
("D:\Users\Matteo\AppData\Local\Programs\MiKTeX 2.9\tex\latex\amsmath\amsopn.st
y"
Package: amsopn 1999/12/14 v2.01 operator names
)
\inf@bad=\count135
LaTeX Info: Redefining \frac on input line 210.
\uproot@=\count136
\leftroot@=\count137
LaTeX Info: Redefining \overline on input line 306.
\classnum@=\count138
\DOTSCASE@=\count139
LaTeX Info: Redefining \ldots on input line 378.
LaTeX Info: Redefining \dots on input line 381.
LaTeX Info: Redefining \cdots on input line 466.
\Mathstrutbox@=\box57
\strutbox@=\box58
\big@size=\dimen161
LaTeX Font Info:    Redeclaring font encoding OML on input line 566.
LaTeX Font Info:    Redeclaring font encoding OMS on input line 567.
\macc@depth=\count140
\c@MaxMatrixCols=\count141
\dotsspace@=\muskip11
\c@parentequation=\count142
\dspbrk@lvl=\count143
\tag@help=\toks25
\row@=\count144
\column@=\count145
\maxfields@=\count146
\andhelp@=\toks26
\eqnshift@=\dimen162
\alignsep@=\dimen163
\tagshift@=\dimen164
\tagwidth@=\dimen165
\totwidth@=\dimen166
\lineht@=\dimen167
\@envbody=\toks27
\multlinegap=\skip66
\multlinetaggap=\skip67
\mathdisplay@stack=\toks28
LaTeX Info: Redefining \[ on input line 2665.
LaTeX Info: Redefining \] on input line 2666.
)
("D:\Users\Matteo\AppData\Local\Programs\MiKTeX 2.9\tex\latex\amsfonts\amssymb.
sty"
Package: amssymb 2013/01/14 v3.01 AMS font symbols

("D:\Users\Matteo\AppData\Local\Programs\MiKTeX 2.9\tex\latex\amsfonts\amsfonts
.sty"
Package: amsfonts 2013/01/14 v3.01 Basic AMSFonts support
\symAMSa=\mathgroup8
\symAMSb=\mathgroup9
LaTeX Font Info:    Overwriting math alphabet `\mathfrak' in version `bold'
(Font)                  U/euf/m/n --> U/euf/b/n on input line 106.
))
("D:\Users\Matteo\AppData\Local\Programs\MiKTeX 2.9\tex\latex\graphics\graphicx
.sty"
Package: graphicx 2014/10/28 v1.0g Enhanced LaTeX Graphics (DPC,SPQR)

("D:\Users\Matteo\AppData\Local\Programs\MiKTeX 2.9\tex\latex\graphics\graphics
.sty"
Package: graphics 2014/10/28 v1.0p Standard LaTeX Graphics (DPC,SPQR)

("D:\Users\Matteo\AppData\Local\Programs\MiKTeX 2.9\tex\latex\graphics\trig.sty
"
Package: trig 1999/03/16 v1.09 sin cos tan (DPC)
)
("D:\Users\Matteo\AppData\Local\Programs\MiKTeX 2.9\tex\latex\00miktex\graphics
.cfg"
File: graphics.cfg 2007/01/18 v1.5 graphics configuration of teTeX/TeXLive
)
Package graphics Info: Driver file: pdftex.def on input line 94.

("D:\Users\Matteo\AppData\Local\Programs\MiKTeX 2.9\tex\latex\pdftex-def\pdftex
.def"
File: pdftex.def 2011/05/27 v0.06d Graphics/color for pdfTeX
\Gread@gobject=\count147
))
\Gin@req@height=\dimen168
\Gin@req@width=\dimen169
)
("D:\Users\Matteo\AppData\Local\Programs\MiKTeX 2.9\tex\latex\lettrine\lettrine
.sty"
File: lettrine.sty 2015/08/31 v1.9 (Daniel Flipo)
\c@DefaultLines=\count148
\c@DefaultDepth=\count149
\DefaultFindent=\dimen170
\DefaultNindent=\dimen171
\DefaultSlope=\dimen172
\DiscardVskip=\dimen173
\L@lbox=\box59
\L@tbox=\box60
\c@L@lines=\count150
\c@L@depth=\count151
\L@Pindent=\dimen174
\L@Findent=\dimen175
\L@Nindent=\dimen176
\L@lraise=\dimen177
\L@first=\dimen178
\L@next=\dimen179
\L@slope=\dimen180
\L@height=\dimen181
\L@novskip=\dimen182
\LettrineWidth=\dimen183
\LettrineHeight=\dimen184
\LettrineDepth=\dimen185

Loading lettrine.cfg

("D:\Users\Matteo\AppData\Local\Programs\MiKTeX 2.9\tex\latex\lettrine\lettrine
.cfg"))
("D:\Users\Matteo\AppData\Local\Programs\MiKTeX 2.9\tex\latex\paralist\paralist
.sty"
Package: paralist 2015/12/30 v2.5 Extended list environments
\pltopsep=\skip68
\plpartopsep=\skip69
\plitemsep=\skip70
\plparsep=\skip71
\pl@lab=\toks29
)
("D:\Users\Matteo\AppData\Local\Programs\MiKTeX 2.9\tex\latex\caption\subcaptio
n.sty"
Package: subcaption 2016/02/02 v1.1-136 Sub-captions (AR)
\c@subfigure=\count152
\c@subtable=\count153
)
("D:\Users\Matteo\AppData\Local\Programs\MiKTeX 2.9\tex\latex\appendix\appendix
.sty"
Package: appendix 2009/09/02 v1.2b extra appendix facilities
\c@@pps=\count154
\c@@ppsavesec=\count155
\c@@ppsaveapp=\count156
)
("D:\Users\Matteo\AppData\Local\Programs\MiKTeX 2.9\tex\latex\abstract\abstract
.sty"
Package: abstract 2009/06/08 v1.2a configurable abstracts
\abstitleskip=\skip72
\absleftindent=\skip73
\absrightindent=\skip74
\absparindent=\skip75
\absparsep=\skip76
)
("D:\Users\Matteo\AppData\Local\Programs\MiKTeX 2.9\tex\latex\titlesec\titlesec
.sty"
Package: titlesec 2011/12/15 v2.10.0 Sectioning titles
\ttl@box=\box61
\beforetitleunit=\skip77
\aftertitleunit=\skip78
\ttl@plus=\dimen186
\ttl@minus=\dimen187
\ttl@toksa=\toks30
\titlewidth=\dimen188
\titlewidthlast=\dimen189
\titlewidthfirst=\dimen190
)
("D:\Users\Matteo\AppData\Local\Programs\MiKTeX 2.9\tex\latex\titlesec\block.ts
s"
File: block.tss 2011/12/15
) (ising_model.aux)
\openout1 = `ising_model.aux'.

LaTeX Font Info:    Checking defaults for OML/cmm/m/it on input line 63.
LaTeX Font Info:    ... okay on input line 63.
LaTeX Font Info:    Checking defaults for T1/cmr/m/n on input line 63.
LaTeX Font Info:    ... okay on input line 63.
LaTeX Font Info:    Checking defaults for OT1/cmr/m/n on input line 63.
LaTeX Font Info:    ... okay on input line 63.
LaTeX Font Info:    Checking defaults for OMS/cmsy/m/n on input line 63.
LaTeX Font Info:    ... okay on input line 63.
LaTeX Font Info:    Checking defaults for OMX/cmex/m/n on input line 63.
LaTeX Font Info:    ... okay on input line 63.
LaTeX Font Info:    Checking defaults for U/cmr/m/n on input line 63.
LaTeX Font Info:    ... okay on input line 63.
LaTeX Font Info:    Checking defaults for PD1/pdf/m/n on input line 63.
LaTeX Font Info:    ... okay on input line 63.
LaTeX Font Info:    Try loading font information for T1+pplx on input line 63.

("D:\Users\Matteo\AppData\Local\Programs\MiKTeX 2.9\tex\latex\psnfss\t1pplx.fd"
File: t1pplx.fd 2004/09/06 font definitions for T1/pplx.
)
LaTeX Info: Redefining \microtypecontext on input line 63.
Package microtype Info: Generating PDF output.
Package microtype Info: Character protrusion enabled (level 2).
Package microtype Info: Using default protrusion set `alltext'.
Package microtype Info: Automatic font expansion enabled (level 2),
(microtype)             stretch: 20, shrink: 20, step: 1, non-selected.
Package microtype Info: Using default expansion set `basictext'.
Package microtype Info: No adjustment of tracking.
Package microtype Info: No adjustment of interword spacing.
Package microtype Info: No adjustment of character kerning.

("D:\Users\Matteo\AppData\Local\Programs\MiKTeX 2.9\tex\latex\microtype\mt-ppl.
cfg"
File: mt-ppl.cfg 2005/11/16 v1.6 microtype config. file: Palatino (RS)
)
Package caption Info: Begin \AtBeginDocument code.
Package caption Info: floatrow package is loaded.
Package caption Info: hyperref package is loaded.
Package caption Info: End \AtBeginDocument code.

("D:\Users\Matteo\AppData\Local\Programs\MiKTeX 2.9\tex\latex\graphics\color.st
y"
Package: color 2014/10/28 v1.1a Standard LaTeX Color (DPC)

("D:\Users\Matteo\AppData\Local\Programs\MiKTeX 2.9\tex\latex\00miktex\color.cf
g"
File: color.cfg 2007/01/18 v1.5 color configuration of teTeX/TeXLive
)
Package color Info: Driver file: pdftex.def on input line 142.
)
*geometry* driver: auto-detecting
*geometry* detected driver: pdftex
*geometry* verbose mode - [ preamble ] result:
* driver: pdftex
* paper: <default>
* layout: <same size as paper>
* layoutoffset:(h,v)=(0.0pt,0.0pt)
* hratio: 1:1
* modes: twoside 
* h-part:(L,W,R)=(42.67912pt, 528.93675pt, 42.67912pt)
* v-part:(T,H,B)=(91.04881pt, 608.5238pt, 95.39737pt)
* \paperwidth=614.295pt
* \paperheight=794.96999pt
* \textwidth=528.93675pt
* \textheight=608.5238pt
* \oddsidemargin=-29.59087pt
* \evensidemargin=-29.59087pt
* \topmargin=-18.22118pt
* \headheight=12.0pt
* \headsep=25.0pt
* \topskip=10.0pt
* \footskip=30.0pt
* \marginparwidth=121.0pt
* \marginparsep=11.0pt
* \columnsep=20.0pt
* \skip\footins=9.0pt plus 4.0pt minus 2.0pt
* \hoffset=0.0pt
* \voffset=0.0pt
* \mag=1000
* \@twocolumnfalse
* \@twosidetrue
* \@mparswitchtrue
* \@reversemarginfalse
* (1in=72.27pt=25.4mm, 1cm=28.453pt)

\AtBeginShipoutBox=\box62
Package hyperref Info: Link coloring OFF on input line 63.

("D:\Users\Matteo\AppData\Local\Programs\MiKTeX 2.9\tex\latex\hyperref\nameref.
sty"
Package: nameref 2012/10/27 v2.43 Cross-referencing by name of section

("D:\Users\Matteo\AppData\Local\Programs\MiKTeX 2.9\tex\generic\oberdiek\gettit
lestring.sty"
Package: gettitlestring 2010/12/03 v1.4 Cleanup title references (HO)
)
\c@section@level=\count157
)
LaTeX Info: Redefining \ref on input line 63.
LaTeX Info: Redefining \pageref on input line 63.
LaTeX Info: Redefining \nameref on input line 63.
 (ising_model.out) (ising_model.out)
\@outlinefile=\write3
\openout3 = `ising_model.out'.


("D:\Users\Matteo\AppData\Local\Programs\MiKTeX 2.9\tex\context\base\supp-pdf.m
kii"
[Loading MPS to PDF converter (version 2006.09.02).]
\scratchcounter=\count158
\scratchdimen=\dimen191
\scratchbox=\box63
\nofMPsegments=\count159
\nofMParguments=\count160
\everyMPshowfont=\toks31
\MPscratchCnt=\count161
\MPscratchDim=\dimen192
\MPnumerator=\count162
\makeMPintoPDFobject=\count163
\everyMPtoPDFconversion=\toks32
)
LaTeX Font Info:    Font shape `T1/pplx/bx/n' in size <24> not available
(Font)              Font shape `T1/pplx/b/n' tried instead on input line 66.
LaTeX Font Info:    Try loading font information for OT1+pplx on input line 66.


("D:\Users\Matteo\AppData\Local\Programs\MiKTeX 2.9\tex\latex\psnfss\ot1pplx.fd
"
File: ot1pplx.fd 2004/09/06 font definitions for OT1/pplx.
)
LaTeX Font Info:    Try loading font information for OML+zplm on input line 66.


("D:\Users\Matteo\AppData\Local\Programs\MiKTeX 2.9\tex\latex\psnfss\omlzplm.fd
"
File: omlzplm.fd 2002/09/08 Fontinst v1.914 font definitions for OML/zplm.
)
LaTeX Font Info:    Try loading font information for OMS+zplm on input line 66.


("D:\Users\Matteo\AppData\Local\Programs\MiKTeX 2.9\tex\latex\psnfss\omszplm.fd
"
File: omszplm.fd 2002/09/08 Fontinst v1.914 font definitions for OMS/zplm.
)
LaTeX Font Info:    Try loading font information for OMX+zplm on input line 66.


("D:\Users\Matteo\AppData\Local\Programs\MiKTeX 2.9\tex\latex\psnfss\omxzplm.fd
"
File: omxzplm.fd 2002/09/08 Fontinst v1.914 font definitions for OMX/zplm.
)
("D:\Users\Matteo\AppData\Local\Programs\MiKTeX 2.9\tex\latex\microtype\mt-cmr.
cfg"
File: mt-cmr.cfg 2013/05/19 v2.2 microtype config. file: Computer Modern Roman 
(RS)
)
LaTeX Font Info:    Try loading font information for OT1+zplm on input line 66.


("D:\Users\Matteo\AppData\Local\Programs\MiKTeX 2.9\tex\latex\psnfss\ot1zplm.fd
"
File: ot1zplm.fd 2002/09/08 Fontinst v1.914 font definitions for OT1/zplm.
)
Package microtype Info: Loading generic settings for font family
(microtype)             `zplm' (encoding: OT1).
(microtype)             For optimal results, create family-specific settings.
(microtype)             See the microtype manual for details.
LaTeX Font Info:    Font shape `U/msa/m/n' will be
(Font)              scaled to size 12.50409pt on input line 66.

("D:\Users\Matteo\AppData\Local\Programs\MiKTeX 2.9\tex\latex\microtype\mt-msa.
cfg"
File: mt-msa.cfg 2006/02/04 v1.1 microtype config. file: AMS symbols (a) (RS)
)
LaTeX Font Info:    Font shape `U/msa/m/n' will be
(Font)              scaled to size 9.37807pt on input line 66.
LaTeX Font Info:    Font shape `U/msa/m/n' will be
(Font)              scaled to size 7.29405pt on input line 66.
LaTeX Font Info:    Font shape `U/msb/m/n' will be
(Font)              scaled to size 12.50409pt on input line 66.

("D:\Users\Matteo\AppData\Local\Programs\MiKTeX 2.9\tex\latex\microtype\mt-msb.
cfg"
File: mt-msb.cfg 2005/06/01 v1.0 microtype config. file: AMS symbols (b) (RS)
)
LaTeX Font Info:    Font shape `U/msb/m/n' will be
(Font)              scaled to size 9.37807pt on input line 66.
LaTeX Font Info:    Font shape `U/msb/m/n' will be
(Font)              scaled to size 7.29405pt on input line 66.
Package microtype Info: Character `029' is missing
(microtype)             in font `T1/pplx/m/sc/12'.
(microtype)             Ignoring protrusion settings for this character.
LaTeX Font Info:    Font shape `T1/pplx/bx/n' in size <10> not available
(Font)              Font shape `T1/pplx/b/n' tried instead on input line 71.
 <images/magnetization.pdf, id=64, 578.16pt x 433.62pt>
File: images/magnetization.pdf Graphic file (type pdf)

<use images/magnetization.pdf>
Package pdftex.def Info: images/magnetization.pdf used on input line 93.
(pdftex.def)             Requested size: 185.13109pt x 138.84724pt.
LaTeX Font Info:    Font shape `T1/pplx/bx/n' in size <9> not available
(Font)              Font shape `T1/pplx/b/n' tried instead on input line 94.

<images/susceptibility.pdf, id=65, 578.16pt x 433.62pt>
File: images/susceptibility.pdf Graphic file (type pdf)

<use images/susceptibility.pdf>
Package pdftex.def Info: images/susceptibility.pdf used on input line 98.
(pdftex.def)             Requested size: 185.13109pt x 138.84724pt.
LaTeX Font Info:    Font shape `U/msa/m/n' will be
(Font)              scaled to size 10.42007pt on input line 107.
LaTeX Font Info:    Font shape `U/msa/m/n' will be
(Font)              scaled to size 7.91925pt on input line 107.
LaTeX Font Info:    Font shape `U/msa/m/n' will be
(Font)              scaled to size 6.25204pt on input line 107.
LaTeX Font Info:    Font shape `U/msb/m/n' will be
(Font)              scaled to size 10.42007pt on input line 107.
LaTeX Font Info:    Font shape `U/msb/m/n' will be
(Font)              scaled to size 7.91925pt on input line 107.
LaTeX Font Info:    Font shape `U/msb/m/n' will be
(Font)              scaled to size 6.25204pt on input line 107.
 [1

{C:/Users/Matteo/AppData/Local/MiKTeX/2.9/pdftex/config/pdftex.map}] <images/cv
.pdf, id=85, 578.16pt x 433.62pt>
File: images/cv.pdf Graphic file (type pdf)

<use images/cv.pdf>
Package pdftex.def Info: images/cv.pdf used on input line 169.
(pdftex.def)             Requested size: 185.13109pt x 138.84724pt.
 <images/binder_cumulant.pdf, id=86, 578.16pt x 433.62pt>
File: images/binder_cumulant.pdf Graphic file (type pdf)

<use images/binder_cumulant.pdf>
Package pdftex.def Info: images/binder_cumulant.pdf used on input line 174.
(pdftex.def)             Requested size: 185.13109pt x 138.84724pt.
 [2 <./images/magnetization.pdf> <./images/susceptibility.pdf

pdfTeX warning: pdflatex (file ./images/susceptibility.pdf): PDF inclusion: mul
tiple pdfs with page group included in a single page
>]
! Undefined control sequence.
<recently read> \betaJ 
                       
l.200 ...rly see a phase transition around $\betaJ
                                                   = 0.44$, as predicted by ...
The control sequence at the end of the top line
of your error message was never \def'ed. If you have
misspelled it (e.g., `\hobx'), type `I' and the correct
spelling (e.g., `I\hbox'). Otherwise just continue,
and I'll forget about whatever was undefined.

[3 <./images/cv.pdf> <./images/binder_cumulant.pdf

pdfTeX warning: pdflatex (file ./images/binder_cumulant.pdf): PDF inclusion: mu
ltiple pdfs with page group included in a single page
>] <images/plot_height.pdf, id=233, 578.16pt x 433.62pt>
File: images/plot_height.pdf Graphic file (type pdf)

<use images/plot_height.pdf>
Package pdftex.def Info: images/plot_height.pdf used on input line 238.
(pdftex.def)             Requested size: 169.26363pt x 126.94417pt.

<images/plot_width.pdf, id=234, 578.16pt x 433.62pt>
File: images/plot_width.pdf Graphic file (type pdf)

<use images/plot_width.pdf>
Package pdftex.def Info: images/plot_width.pdf used on input line 243.
(pdftex.def)             Requested size: 169.26363pt x 126.94417pt.
 <images/plot_pos.pdf, id=235, 578.16pt x 433.62pt>
File: images/plot_pos.pdf Graphic file (type pdf)

<use images/plot_pos.pdf>
Package pdftex.def Info: images/plot_pos.pdf used on input line 248.
(pdftex.def)             Requested size: 169.26363pt x 126.94417pt.
LaTeX Font Info:    Try loading font information for OMS+pplx on input line 278
.
LaTeX Font Info:    No file OMSpplx.fd. on input line 278.


LaTeX Font Warning: Font shape `OMS/pplx/m/n' undefined
(Font)              using `OMS/cmsy/m/n' instead
(Font)              for symbol `textbullet' on input line 278.

! Missing \right. inserted.
<inserted text> 
                \right .
l.302 \end{tabular}}}
                     
I've inserted something that you may have forgotten.
(See the <inserted text> above.)
With luck, this will get me unwedged. But if you
really didn't forget anything, try typing `2' now; then
my insertion and my current dilemma will both disappear.

! Missing \right. inserted.
<inserted text> 
                \right .
l.302 \end{tabular}}}
                     
I've inserted something that you may have forgotten.
(See the <inserted text> above.)
With luck, this will get me unwedged. But if you
really didn't forget anything, try typing `2' now; then
my insertion and my current dilemma will both disappear.

<images/plot_magnetization.pdf, id=239, 578.16pt x 433.62pt>
File: images/plot_magnetization.pdf Graphic file (type pdf)

<use images/plot_magnetization.pdf>
Package pdftex.def Info: images/plot_magnetization.pdf used on input line 313.
(pdftex.def)             Requested size: 231.2599pt x 173.44492pt.

<images/helicity_modulus.pdf, id=240, 578.16pt x 433.62pt>
File: images/helicity_modulus.pdf Graphic file (type pdf)

<use images/helicity_modulus.pdf>
Package pdftex.def Info: images/helicity_modulus.pdf used on input line 321.
(pdftex.def)             Requested size: 231.2599pt x 173.44492pt.
 [4]
Overfull \vbox (21.7256pt too high) has occurred while \output is active []


[5 <./images/plot_height.pdf> <./images/plot_width.pdf

pdfTeX warning: pdflatex (file ./images/plot_width.pdf): PDF inclusion: multipl
e pdfs with page group included in a single page
> <./images/plot_pos.pdf

pdfTeX warning: pdflatex (file ./images/plot_pos.pdf): PDF inclusion: multiple 
pdfs with page group included in a single page
> <./images/plot_magnetization.pdf

pdfTeX warning: pdflatex (file ./images/plot_magnetization.pdf): PDF inclusion:
 multiple pdfs with page group included in a single page
> <./images/helicity_modulus.pdf

pdfTeX warning: pdflatex (file ./images/helicity_modulus.pdf): PDF inclusion: m
ultiple pdfs with page group included in a single page
>]
Package atveryend Info: Empty hook `BeforeClearDocument' on input line 348.
 [6]
Package atveryend Info: Empty hook `AfterLastShipout' on input line 348.
 (ising_model.aux)
Package atveryend Info: Executing hook `AtVeryEndDocument' on input line 348.
Package atveryend Info: Executing hook `AtEndAfterFileList' on input line 348.
Package rerunfilecheck Info: File `ising_model.out' has not changed.
(rerunfilecheck)             Checksum: 3F2EFA9178E56059CAFF5677E6F06B72;893.


LaTeX Font Warning: Some font shapes were not available, defaults substituted.

 ) 
Here is how much of TeX's memory you used:
 11912 strings out of 493634
 180645 string characters out of 3134830
 408715 words of memory out of 3000000
 14787 multiletter control sequences out of 15000+200000
 75653 words of font info for 282 fonts, out of 3000000 for 9000
 1025 hyphenation exceptions out of 8191
 37i,11n,41p,800b,691s stack positions out of 5000i,500n,10000p,200000b,50000s
{D:/Users/Matteo/AppData/Local/Programs/MiKTeX 2.9/fonts/enc/dvips/fontname/8
r.enc}<D:/Users/Matteo/AppData/Local/Programs/MiKTeX 2.9/fonts/type1/public/ams
fonts/cm/cmex10.pfb><D:/Users/Matteo/AppData/Local/Programs/MiKTeX 2.9/fonts/ty
pe1/public/amsfonts/cm/cmmi10.pfb><D:/Users/Matteo/AppData/Local/Programs/MiKTe
X 2.9/fonts/type1/public/amsfonts/cm/cmr10.pfb><D:/Users/Matteo/AppData/Local/P
rograms/MiKTeX 2.9/fonts/type1/public/amsfonts/cm/cmsy10.pfb><D:/Users/Matteo/A
ppData/Local/Programs/MiKTeX 2.9/fonts/type1/public/mathpazo/fplmr.pfb><D:/User
s/Matteo/AppData/Local/Programs/MiKTeX 2.9/fonts/type1/public/mathpazo/fplmri.p
fb><D:/Users/Matteo/AppData/Local/Programs/MiKTeX 2.9/fonts/type1/public/fpl/fp
lrc8a.pfb><D:/Users/Matteo/AppData/Local/Programs/MiKTeX 2.9/fonts/type1/urw/pa
latino/uplb8a.pfb><D:/Users/Matteo/AppData/Local/Programs/MiKTeX 2.9/fonts/type
1/urw/palatino/uplr8a.pfb><D:/Users/Matteo/AppData/Local/Programs/MiKTeX 2.9/fo
nts/type1/urw/palatino/uplri8a.pfb>
Output written on ising_model.pdf (6 pages, 338098 bytes).
PDF statistics:
 612 PDF objects out of 1000 (max. 8388607)
 51 named destinations out of 1000 (max. 500000)
 51366 words of extra memory for PDF output out of 51595 (max. 10000000)

